#! /usr/bin/vvp
:ivl_version "11.0 (stable)";
:ivl_delay_selection "TYPICAL";
:vpi_time_precision + 0;
:vpi_module "/usr/lib/x86_64-linux-gnu/ivl/system.vpi";
:vpi_module "/usr/lib/x86_64-linux-gnu/ivl/vhdl_sys.vpi";
:vpi_module "/usr/lib/x86_64-linux-gnu/ivl/vhdl_textio.vpi";
:vpi_module "/usr/lib/x86_64-linux-gnu/ivl/v2005_math.vpi";
:vpi_module "/usr/lib/x86_64-linux-gnu/ivl/va_math.vpi";
S_0x55e45f658dc0 .scope module, "andport" "andport" 2 1;
 .timescale 0 0;
    .port_info 0 /INPUT 1 "a";
    .port_info 1 /INPUT 1 "b";
    .port_info 2 /OUTPUT 1 "out";
o0x7f4b12fa7018 .functor BUFZ 1, C4<z>; HiZ drive
o0x7f4b12fa7048 .functor BUFZ 1, C4<z>; HiZ drive
L_0x55e45f69f060 .functor AND 1, o0x7f4b12fa7018, o0x7f4b12fa7048, C4<1>, C4<1>;
v0x55e45f65aba0_0 .net "a", 0 0, o0x7f4b12fa7018;  0 drivers
v0x55e45f69ee80_0 .net "b", 0 0, o0x7f4b12fa7048;  0 drivers
v0x55e45f69ef40_0 .net "out", 0 0, L_0x55e45f69f060;  1 drivers
# The file index is used to find the file name in the following table.
:file_names 3;
    "N/A";
    "<interactive>";
    "main.v";
